

Version:	3.50
CmdLine:	D:\Sushant\Code\Cafe Billing System\The Breakfast Story.exe --l4j-debug
JNI:		No
WOW64:		Yes
Working dir:	D:\Sushant\Code\Cafe Billing System\.
Requires JDK:	No
Requires 64-Bit: No
Java min ver:	
Java max ver:	
Substitute:	JAVA_HOME = 
Substitute:	PATH = C:\Program Files\Common Files\Oracle\Java\javapath;C:\Program Files\Python312\Scripts\;C:\Program Files\Python312\;C:\windows\system32;C:\windows;C:\windows\System32\Wbem;C:\windows\System32\WindowsPowerShell\v1.0\;C:\windows\System32\OpenSSH\;C:\MinGW\bin;C:\MinGW\bin;D:\Sushant\Netbeans\jdk-23_windows-x64_bin\jdk-23\bin;C:\Program Files\Java\jdk-23\bin;C:\Program Files\MySQL\MySQL Server 8.0\bin;C:\Program Files\MySQL\MySQL Shell 8.0\bin\;C:\Users\HP\AppData\Local\Microsoft\WindowsApps;D:\Sushant\xampp\php\;D:\Sushant\xampp\php\form\;C:\Program Files\Python312\Scripts\;C:\Program Files\Python312\;C:\Program Files\JetBrains\PyCharm Community Edition 2024.1.4\bin;;C:\MinGW\bin;C:\Users\HP\AppData\Local\Programs\Microsoft VS Code\bin;D:\Flutter_All_Setup\flutter_windows_3.24.3-stable\flutter\bin;C:\MinGW\bin;D:\Sushant\Netbeans\jdk-23_windows-x64_bin\jdk-23\bin;C:\Users\HP\AppData\Local\Programs\Inno Setup 6;;C:\Program Files\Java\jdk-23\bin
JRE paths:	;C:\Program Files\Common Files\Oracle\Java\javapath;C:\Program Files\Python312\Scripts\;C:\Program Files\Python312\;C:\windows\system32;C:\windows;C:\windows\System32\Wbem;C:\windows\System32\WindowsPowerShell\v1.0\;C:\windows\System32\OpenSSH\;C:\MinGW\bin;C:\MinGW\bin;D:\Sushant\Netbeans\jdk-23_windows-x64_bin\jdk-23\bin;C:\Program Files\Java\jdk-23\bin;C:\Program Files\MySQL\MySQL Server 8.0\bin;C:\Program Files\MySQL\MySQL Shell 8.0\bin\;C:\Users\HP\AppData\Local\Microsoft\WindowsApps;D:\Sushant\xampp\php\;D:\Sushant\xampp\php\form\;C:\Program Files\Python312\Scripts\;C:\Program Files\Python312\;C:\Program Files\JetBrains\PyCharm Community Edition 2024.1.4\bin;;C:\MinGW\bin;C:\Users\HP\AppData\Local\Programs\Microsoft VS Code\bin;D:\Flutter_All_Setup\flutter_windows_3.24.3-stable\flutter\bin;C:\MinGW\bin;D:\Sushant\Netbeans\jdk-23_windows-x64_bin\jdk-23\bin;C:\Users\HP\AppData\Local\Programs\Inno Setup 6;;C:\Program Files\Java\jdk-23\bin
Check launcher:	C:\Program Files\Common Files\Oracle\Java\javapath\bin\javaw.exe (not found)
Check launcher:	C:\Program Files\Python312\Scripts\bin\javaw.exe (not found)
Check launcher:	C:\Program Files\Python312\bin\javaw.exe (not found)
Check launcher:	C:\windows\system32\bin\javaw.exe (not found)
Check launcher:	C:\windows\bin\javaw.exe (not found)
Check launcher:	C:\windows\System32\Wbem\bin\javaw.exe (not found)
Check launcher:	C:\windows\System32\WindowsPowerShell\v1.0\bin\javaw.exe (not found)
Check launcher:	C:\windows\System32\OpenSSH\bin\javaw.exe (not found)
Check launcher:	C:\MinGW\bin\javaw.exe (not found)
Check launcher:	C:\MinGW\bin\javaw.exe (not found)
Check launcher:	D:\Sushant\Netbeans\jdk-23_windows-x64_bin\jdk-23\bin\javaw.exe (not found)
Check launcher:	C:\Program Files\Java\jdk-23\bin\javaw.exe (OK)
Version string: 1.023.000_001 / 64-Bit (OK)
Launcher:	C:\Program Files\Java\jdk-23\bin\javaw.exe
Launcher args:	-jar "D:\Sushant\Code\Cafe Billing System\The Breakfast Story.exe"
Args length:	66/32768 chars
Exit code:	0


Version:	3.50
CmdLine:	D:\Sushant\Code\Cafe Billing System\The Breakfast Story.exe --l4j-debug
JNI:		No
WOW64:		Yes
Working dir:	D:\Sushant\Code\Cafe Billing System\.
Requires JDK:	No
Requires 64-Bit: No
Java min ver:	
Java max ver:	
Substitute:	JAVA_HOME = 
Substitute:	PATH = C:\Program Files\Common Files\Oracle\Java\javapath;C:\Program Files\Python312\Scripts\;C:\Program Files\Python312\;C:\windows\system32;C:\windows;C:\windows\System32\Wbem;C:\windows\System32\WindowsPowerShell\v1.0\;C:\windows\System32\OpenSSH\;C:\MinGW\bin;C:\MinGW\bin;D:\Sushant\Netbeans\jdk-23_windows-x64_bin\jdk-23\bin;C:\Program Files\Java\jdk-23\bin;C:\Program Files\MySQL\MySQL Server 8.0\bin;C:\Program Files\MySQL\MySQL Shell 8.0\bin\;C:\Users\HP\AppData\Local\Microsoft\WindowsApps;D:\Sushant\xampp\php\;D:\Sushant\xampp\php\form\;C:\Program Files\Python312\Scripts\;C:\Program Files\Python312\;C:\Program Files\JetBrains\PyCharm Community Edition 2024.1.4\bin;;C:\MinGW\bin;C:\Users\HP\AppData\Local\Programs\Microsoft VS Code\bin;D:\Flutter_All_Setup\flutter_windows_3.24.3-stable\flutter\bin;C:\MinGW\bin;D:\Sushant\Netbeans\jdk-23_windows-x64_bin\jdk-23\bin;C:\Users\HP\AppData\Local\Programs\Inno Setup 6;;C:\Program Files\Java\jdk-23\bin
JRE paths:	;C:\Program Files\Common Files\Oracle\Java\javapath;C:\Program Files\Python312\Scripts\;C:\Program Files\Python312\;C:\windows\system32;C:\windows;C:\windows\System32\Wbem;C:\windows\System32\WindowsPowerShell\v1.0\;C:\windows\System32\OpenSSH\;C:\MinGW\bin;C:\MinGW\bin;D:\Sushant\Netbeans\jdk-23_windows-x64_bin\jdk-23\bin;C:\Program Files\Java\jdk-23\bin;C:\Program Files\MySQL\MySQL Server 8.0\bin;C:\Program Files\MySQL\MySQL Shell 8.0\bin\;C:\Users\HP\AppData\Local\Microsoft\WindowsApps;D:\Sushant\xampp\php\;D:\Sushant\xampp\php\form\;C:\Program Files\Python312\Scripts\;C:\Program Files\Python312\;C:\Program Files\JetBrains\PyCharm Community Edition 2024.1.4\bin;;C:\MinGW\bin;C:\Users\HP\AppData\Local\Programs\Microsoft VS Code\bin;D:\Flutter_All_Setup\flutter_windows_3.24.3-stable\flutter\bin;C:\MinGW\bin;D:\Sushant\Netbeans\jdk-23_windows-x64_bin\jdk-23\bin;C:\Users\HP\AppData\Local\Programs\Inno Setup 6;;C:\Program Files\Java\jdk-23\bin
Check launcher:	C:\Program Files\Common Files\Oracle\Java\javapath\bin\javaw.exe (not found)
Check launcher:	C:\Program Files\Python312\Scripts\bin\javaw.exe (not found)
Check launcher:	C:\Program Files\Python312\bin\javaw.exe (not found)
Check launcher:	C:\windows\system32\bin\javaw.exe (not found)
Check launcher:	C:\windows\bin\javaw.exe (not found)
Check launcher:	C:\windows\System32\Wbem\bin\javaw.exe (not found)
Check launcher:	C:\windows\System32\WindowsPowerShell\v1.0\bin\javaw.exe (not found)
Check launcher:	C:\windows\System32\OpenSSH\bin\javaw.exe (not found)
Check launcher:	C:\MinGW\bin\javaw.exe (not found)
Check launcher:	C:\MinGW\bin\javaw.exe (not found)
Check launcher:	D:\Sushant\Netbeans\jdk-23_windows-x64_bin\jdk-23\bin\javaw.exe (not found)
Check launcher:	C:\Program Files\Java\jdk-23\bin\javaw.exe (OK)
Version string: 1.023.000_001 / 64-Bit (OK)
Launcher:	C:\Program Files\Java\jdk-23\bin\javaw.exe
Launcher args:	-jar "D:\Sushant\Code\Cafe Billing System\The Breakfast Story.exe"
Args length:	66/32768 chars
Exit code:	0
